<?xml version="1.0" encoding="UTF-8" standalone="yes"?>
<?mso-application progid="Word.Document"?>
<w:wordDocument xmlns:w="http://schemas.microsoft.com/office/word/2003/wordml" xmlns:v="urn:schemas-microsoft-com:vml" xmlns:w10="urn:schemas-microsoft-com:office:word" xmlns:sl="http://schemas.microsoft.com/schemaLibrary/2003/core" xmlns:aml="http://schemas.microsoft.com/aml/2001/core" xmlns:wx="http://schemas.microsoft.com/office/word/2003/auxHint" xmlns:o="urn:schemas-microsoft-com:office:office" xmlns:dt="uuid:C2F41010-65B3-11d1-A29F-00AA00C14882" w:macrosPresent="no" w:embeddedObjPresent="no" w:ocxPresent="no" xml:space="preserve"><o:DocumentProperties></o:DocumentProperties><w:fonts><w:defaultFonts w:ascii="Times New Roman" w:fareast="Times New Roman" w:h-ansi="Times New Roman" w:cs="Times New Roman"/></w:fonts><w:docPr></w:docPr><w:body><wx:sect><w:p><w:pPr></w:pPr><w:r><w:rPr><w:rFonts w:ascii="Helvetica" w:h-ansi="Helvetica" w:cs="Helvetica"/><wx:font wx:val="Helvetica"/><w:sz w:val="24"/><w:sz-cs w:val="24"/></w:rPr><w:t>&lt;?xml version="1.0" encoding="UTF-8"?&gt;</w:t></w:r></w:p><w:p><w:pPr></w:pPr><w:r><w:rPr><w:rFonts w:ascii="Helvetica" w:h-ansi="Helvetica" w:cs="Helvetica"/><wx:font wx:val="Helvetica"/><w:sz w:val="24"/><w:sz-cs w:val="24"/></w:rPr><w:t>&lt;rss version="2.0"&gt;</w:t></w:r></w:p><w:p><w:pPr></w:pPr><w:r><w:rPr><w:rFonts w:ascii="Helvetica" w:h-ansi="Helvetica" w:cs="Helvetica"/><wx:font wx:val="Helvetica"/><w:sz w:val="24"/><w:sz-cs w:val="24"/></w:rPr><w:t>  &lt;channel&gt;</w:t></w:r></w:p><w:p><w:pPr></w:pPr><w:r><w:rPr><w:rFonts w:ascii="Helvetica" w:h-ansi="Helvetica" w:cs="Helvetica"/><wx:font wx:val="Helvetica"/><w:sz w:val="24"/><w:sz-cs w:val="24"/></w:rPr><w:t>    &lt;title&gt;Real Estate Stories by SeLoger&lt;/title&gt;</w:t></w:r></w:p><w:p><w:pPr></w:pPr><w:r><w:rPr><w:rFonts w:ascii="Helvetica" w:h-ansi="Helvetica" w:cs="Helvetica"/><wx:font wx:val="Helvetica"/><w:sz w:val="24"/><w:sz-cs w:val="24"/></w:rPr><w:t>    &lt;link&gt;https://www.seloger.com/stories&lt;/link&gt;</w:t></w:r></w:p><w:p><w:pPr></w:pPr><w:r><w:rPr><w:rFonts w:ascii="Helvetica" w:h-ansi="Helvetica" w:cs="Helvetica"/><wx:font wx:val="Helvetica"/><w:sz w:val="24"/><w:sz-cs w:val="24"/></w:rPr><w:t>    &lt;description&gt;Daily real estate insights, tips, and trends delivered as swipeable stories.&lt;/description&gt;</w:t></w:r></w:p><w:p><w:pPr></w:pPr><w:r><w:rPr><w:rFonts w:ascii="Helvetica" w:h-ansi="Helvetica" w:cs="Helvetica"/><wx:font wx:val="Helvetica"/><w:sz w:val="24"/><w:sz-cs w:val="24"/></w:rPr><w:t>    &lt;language&gt;fr-FR&lt;/language&gt;</w:t></w:r></w:p><w:p><w:pPr></w:pPr><w:r><w:rPr><w:rFonts w:ascii="Helvetica" w:h-ansi="Helvetica" w:cs="Helvetica"/><wx:font wx:val="Helvetica"/><w:sz w:val="24"/><w:sz-cs w:val="24"/></w:rPr><w:t></w:t></w:r></w:p><w:p><w:pPr></w:pPr><w:r><w:rPr><w:rFonts w:ascii="Helvetica" w:h-ansi="Helvetica" w:cs="Helvetica"/><wx:font wx:val="Helvetica"/><w:sz w:val="24"/><w:sz-cs w:val="24"/></w:rPr><w:t>    &lt;item&gt;</w:t></w:r></w:p><w:p><w:pPr></w:pPr><w:r><w:rPr><w:rFonts w:ascii="Helvetica" w:h-ansi="Helvetica" w:cs="Helvetica"/><wx:font wx:val="Helvetica"/><w:sz w:val="24"/><w:sz-cs w:val="24"/></w:rPr><w:t>      &lt;title&gt;🏡 Market Update – Paris 18th&lt;/title&gt;</w:t></w:r></w:p><w:p><w:pPr></w:pPr><w:r><w:rPr><w:rFonts w:ascii="Helvetica" w:h-ansi="Helvetica" w:cs="Helvetica"/><wx:font wx:val="Helvetica"/><w:sz w:val="24"/><w:sz-cs w:val="24"/></w:rPr><w:t>      &lt;link&gt;https://www.seloger.com/stories/paris18&lt;/link&gt;</w:t></w:r></w:p><w:p><w:pPr></w:pPr><w:r><w:rPr><w:rFonts w:ascii="Helvetica" w:h-ansi="Helvetica" w:cs="Helvetica"/><wx:font wx:val="Helvetica"/><w:sz w:val="24"/><w:sz-cs w:val="24"/></w:rPr><w:t>      &lt;guid&gt;story-paris18-20240601&lt;/guid&gt;</w:t></w:r></w:p><w:p><w:pPr></w:pPr><w:r><w:rPr><w:rFonts w:ascii="Helvetica" w:h-ansi="Helvetica" w:cs="Helvetica"/><wx:font wx:val="Helvetica"/><w:sz w:val="24"/><w:sz-cs w:val="24"/></w:rPr><w:t>      &lt;pubDate&gt;Mon, 01 Jun 2024 18:00:00 +0200&lt;/pubDate&gt;</w:t></w:r></w:p><w:p><w:pPr></w:pPr><w:r><w:rPr><w:rFonts w:ascii="Helvetica" w:h-ansi="Helvetica" w:cs="Helvetica"/><wx:font wx:val="Helvetica"/><w:sz w:val="24"/><w:sz-cs w:val="24"/></w:rPr><w:t>      &lt;category&gt;Market Trends&lt;/category&gt;</w:t></w:r></w:p><w:p><w:pPr></w:pPr><w:r><w:rPr><w:rFonts w:ascii="Helvetica" w:h-ansi="Helvetica" w:cs="Helvetica"/><wx:font wx:val="Helvetica"/><w:sz w:val="24"/><w:sz-cs w:val="24"/></w:rPr><w:t>      &lt;description&gt;In Paris 18th, prices fell by 2.4% last month and time-to-sell rose to 62 days. Discover the latest trends.&lt;/description&gt;</w:t></w:r></w:p><w:p><w:pPr></w:pPr><w:r><w:rPr><w:rFonts w:ascii="Helvetica" w:h-ansi="Helvetica" w:cs="Helvetica"/><wx:font wx:val="Helvetica"/><w:sz w:val="24"/><w:sz-cs w:val="24"/></w:rPr><w:t>      &lt;enclosure url="https://cdn.seloger.com/stories/img/paris18.jpg" type="image/jpeg"/&gt;</w:t></w:r></w:p><w:p><w:pPr></w:pPr><w:r><w:rPr><w:rFonts w:ascii="Helvetica" w:h-ansi="Helvetica" w:cs="Helvetica"/><wx:font wx:val="Helvetica"/><w:sz w:val="24"/><w:sz-cs w:val="24"/></w:rPr><w:t>      &lt;seloger:story&gt;</w:t></w:r></w:p><w:p><w:pPr></w:pPr><w:r><w:rPr><w:rFonts w:ascii="Helvetica" w:h-ansi="Helvetica" w:cs="Helvetica"/><wx:font wx:val="Helvetica"/><w:sz w:val="24"/><w:sz-cs w:val="24"/></w:rPr><w:t>        &lt;slide&gt;</w:t></w:r></w:p><w:p><w:pPr></w:pPr><w:r><w:rPr><w:rFonts w:ascii="Helvetica" w:h-ansi="Helvetica" w:cs="Helvetica"/><wx:font wx:val="Helvetica"/><w:sz w:val="24"/><w:sz-cs w:val="24"/></w:rPr><w:t>          &lt;text&gt;📉 Prices in Paris 18th dropped by 2.4% this month&lt;/text&gt;</w:t></w:r></w:p><w:p><w:pPr></w:pPr><w:r><w:rPr><w:rFonts w:ascii="Helvetica" w:h-ansi="Helvetica" w:cs="Helvetica"/><wx:font wx:val="Helvetica"/><w:sz w:val="24"/><w:sz-cs w:val="24"/></w:rPr><w:t>          &lt;image&gt;https://cdn.seloger.com/stories/img/slide1-paris18.jpg&lt;/image&gt;</w:t></w:r></w:p><w:p><w:pPr></w:pPr><w:r><w:rPr><w:rFonts w:ascii="Helvetica" w:h-ansi="Helvetica" w:cs="Helvetica"/><wx:font wx:val="Helvetica"/><w:sz w:val="24"/><w:sz-cs w:val="24"/></w:rPr><w:t>        &lt;/slide&gt;</w:t></w:r></w:p><w:p><w:pPr></w:pPr><w:r><w:rPr><w:rFonts w:ascii="Helvetica" w:h-ansi="Helvetica" w:cs="Helvetica"/><wx:font wx:val="Helvetica"/><w:sz w:val="24"/><w:sz-cs w:val="24"/></w:rPr><w:t>        &lt;slide&gt;</w:t></w:r></w:p><w:p><w:pPr></w:pPr><w:r><w:rPr><w:rFonts w:ascii="Helvetica" w:h-ansi="Helvetica" w:cs="Helvetica"/><wx:font wx:val="Helvetica"/><w:sz w:val="24"/><w:sz-cs w:val="24"/></w:rPr><w:t>          &lt;text&gt;⏱️ Properties now take 62 days to sell — up 12%&lt;/text&gt;</w:t></w:r></w:p><w:p><w:pPr></w:pPr><w:r><w:rPr><w:rFonts w:ascii="Helvetica" w:h-ansi="Helvetica" w:cs="Helvetica"/><wx:font wx:val="Helvetica"/><w:sz w:val="24"/><w:sz-cs w:val="24"/></w:rPr><w:t>          &lt;image&gt;https://cdn.seloger.com/stories/img/slide2-paris18.jpg&lt;/image&gt;</w:t></w:r></w:p><w:p><w:pPr></w:pPr><w:r><w:rPr><w:rFonts w:ascii="Helvetica" w:h-ansi="Helvetica" w:cs="Helvetica"/><wx:font wx:val="Helvetica"/><w:sz w:val="24"/><w:sz-cs w:val="24"/></w:rPr><w:t>        &lt;/slide&gt;</w:t></w:r></w:p><w:p><w:pPr></w:pPr><w:r><w:rPr><w:rFonts w:ascii="Helvetica" w:h-ansi="Helvetica" w:cs="Helvetica"/><wx:font wx:val="Helvetica"/><w:sz w:val="24"/><w:sz-cs w:val="24"/></w:rPr><w:t>        &lt;slide&gt;</w:t></w:r></w:p><w:p><w:pPr></w:pPr><w:r><w:rPr><w:rFonts w:ascii="Helvetica" w:h-ansi="Helvetica" w:cs="Helvetica"/><wx:font wx:val="Helvetica"/><w:sz w:val="24"/><w:sz-cs w:val="24"/></w:rPr><w:t>          &lt;text&gt;💡 Tip: Highlight recent renovations to stand out in a soft market&lt;/text&gt;</w:t></w:r></w:p><w:p><w:pPr></w:pPr><w:r><w:rPr><w:rFonts w:ascii="Helvetica" w:h-ansi="Helvetica" w:cs="Helvetica"/><wx:font wx:val="Helvetica"/><w:sz w:val="24"/><w:sz-cs w:val="24"/></w:rPr><w:t>          &lt;image&gt;https://cdn.seloger.com/stories/img/slide3-paris18.jpg&lt;/image&gt;</w:t></w:r></w:p><w:p><w:pPr></w:pPr><w:r><w:rPr><w:rFonts w:ascii="Helvetica" w:h-ansi="Helvetica" w:cs="Helvetica"/><wx:font wx:val="Helvetica"/><w:sz w:val="24"/><w:sz-cs w:val="24"/></w:rPr><w:t>        &lt;/slide&gt;</w:t></w:r></w:p><w:p><w:pPr></w:pPr><w:r><w:rPr><w:rFonts w:ascii="Helvetica" w:h-ansi="Helvetica" w:cs="Helvetica"/><wx:font wx:val="Helvetica"/><w:sz w:val="24"/><w:sz-cs w:val="24"/></w:rPr><w:t>        &lt;slide&gt;</w:t></w:r></w:p><w:p><w:pPr></w:pPr><w:r><w:rPr><w:rFonts w:ascii="Helvetica" w:h-ansi="Helvetica" w:cs="Helvetica"/><wx:font wx:val="Helvetica"/><w:sz w:val="24"/><w:sz-cs w:val="24"/></w:rPr><w:t>          &lt;text&gt;📲 See what your property is worth →&lt;/text&gt;</w:t></w:r></w:p><w:p><w:pPr></w:pPr><w:r><w:rPr><w:rFonts w:ascii="Helvetica" w:h-ansi="Helvetica" w:cs="Helvetica"/><wx:font wx:val="Helvetica"/><w:sz w:val="24"/><w:sz-cs w:val="24"/></w:rPr><w:t>          &lt;cta&gt;https://www.seloger.com/estimer-mon-bien&lt;/cta&gt;</w:t></w:r></w:p><w:p><w:pPr></w:pPr><w:r><w:rPr><w:rFonts w:ascii="Helvetica" w:h-ansi="Helvetica" w:cs="Helvetica"/><wx:font wx:val="Helvetica"/><w:sz w:val="24"/><w:sz-cs w:val="24"/></w:rPr><w:t>        &lt;/slide&gt;</w:t></w:r></w:p><w:p><w:pPr></w:pPr><w:r><w:rPr><w:rFonts w:ascii="Helvetica" w:h-ansi="Helvetica" w:cs="Helvetica"/><wx:font wx:val="Helvetica"/><w:sz w:val="24"/><w:sz-cs w:val="24"/></w:rPr><w:t>      &lt;/seloger:story&gt;</w:t></w:r></w:p><w:p><w:pPr></w:pPr><w:r><w:rPr><w:rFonts w:ascii="Helvetica" w:h-ansi="Helvetica" w:cs="Helvetica"/><wx:font wx:val="Helvetica"/><w:sz w:val="24"/><w:sz-cs w:val="24"/></w:rPr><w:t>    &lt;/item&gt;</w:t></w:r></w:p><w:p><w:pPr></w:pPr><w:r><w:rPr><w:rFonts w:ascii="Helvetica" w:h-ansi="Helvetica" w:cs="Helvetica"/><wx:font wx:val="Helvetica"/><w:sz w:val="24"/><w:sz-cs w:val="24"/></w:rPr><w:t></w:t></w:r></w:p><w:p><w:pPr></w:pPr><w:r><w:rPr><w:rFonts w:ascii="Helvetica" w:h-ansi="Helvetica" w:cs="Helvetica"/><wx:font wx:val="Helvetica"/><w:sz w:val="24"/><w:sz-cs w:val="24"/></w:rPr><w:t>    &lt;item&gt;</w:t></w:r></w:p><w:p><w:pPr></w:pPr><w:r><w:rPr><w:rFonts w:ascii="Helvetica" w:h-ansi="Helvetica" w:cs="Helvetica"/><wx:font wx:val="Helvetica"/><w:sz w:val="24"/><w:sz-cs w:val="24"/></w:rPr><w:t>      &lt;title&gt;🛋️ Home Staging: 3 Quick Wins to Sell Faster&lt;/title&gt;</w:t></w:r></w:p><w:p><w:pPr></w:pPr><w:r><w:rPr><w:rFonts w:ascii="Helvetica" w:h-ansi="Helvetica" w:cs="Helvetica"/><wx:font wx:val="Helvetica"/><w:sz w:val="24"/><w:sz-cs w:val="24"/></w:rPr><w:t>      &lt;link&gt;https://www.seloger.com/stories/home-staging&lt;/link&gt;</w:t></w:r></w:p><w:p><w:pPr></w:pPr><w:r><w:rPr><w:rFonts w:ascii="Helvetica" w:h-ansi="Helvetica" w:cs="Helvetica"/><wx:font wx:val="Helvetica"/><w:sz w:val="24"/><w:sz-cs w:val="24"/></w:rPr><w:t>      &lt;guid&gt;story-home-staging-20240601&lt;/guid&gt;</w:t></w:r></w:p><w:p><w:pPr></w:pPr><w:r><w:rPr><w:rFonts w:ascii="Helvetica" w:h-ansi="Helvetica" w:cs="Helvetica"/><wx:font wx:val="Helvetica"/><w:sz w:val="24"/><w:sz-cs w:val="24"/></w:rPr><w:t>      &lt;pubDate&gt;Mon, 01 Jun 2024 18:00:00 +0200&lt;/pubDate&gt;</w:t></w:r></w:p><w:p><w:pPr></w:pPr><w:r><w:rPr><w:rFonts w:ascii="Helvetica" w:h-ansi="Helvetica" w:cs="Helvetica"/><wx:font wx:val="Helvetica"/><w:sz w:val="24"/><w:sz-cs w:val="24"/></w:rPr><w:t>      &lt;category&gt;Selling Tips&lt;/category&gt;</w:t></w:r></w:p><w:p><w:pPr></w:pPr><w:r><w:rPr><w:rFonts w:ascii="Helvetica" w:h-ansi="Helvetica" w:cs="Helvetica"/><wx:font wx:val="Helvetica"/><w:sz w:val="24"/><w:sz-cs w:val="24"/></w:rPr><w:t>      &lt;description&gt;Use these 3 simple tips to help your listing stand out and sell faster.&lt;/description&gt;</w:t></w:r></w:p><w:p><w:pPr></w:pPr><w:r><w:rPr><w:rFonts w:ascii="Helvetica" w:h-ansi="Helvetica" w:cs="Helvetica"/><wx:font wx:val="Helvetica"/><w:sz w:val="24"/><w:sz-cs w:val="24"/></w:rPr><w:t>      &lt;enclosure url="https://cdn.seloger.com/stories/img/home-staging.jpg" type="image/jpeg"/&gt;</w:t></w:r></w:p><w:p><w:pPr></w:pPr><w:r><w:rPr><w:rFonts w:ascii="Helvetica" w:h-ansi="Helvetica" w:cs="Helvetica"/><wx:font wx:val="Helvetica"/><w:sz w:val="24"/><w:sz-cs w:val="24"/></w:rPr><w:t>      &lt;seloger:story&gt;</w:t></w:r></w:p><w:p><w:pPr></w:pPr><w:r><w:rPr><w:rFonts w:ascii="Helvetica" w:h-ansi="Helvetica" w:cs="Helvetica"/><wx:font wx:val="Helvetica"/><w:sz w:val="24"/><w:sz-cs w:val="24"/></w:rPr><w:t>        &lt;slide&gt;</w:t></w:r></w:p><w:p><w:pPr></w:pPr><w:r><w:rPr><w:rFonts w:ascii="Helvetica" w:h-ansi="Helvetica" w:cs="Helvetica"/><wx:font wx:val="Helvetica"/><w:sz w:val="24"/><w:sz-cs w:val="24"/></w:rPr><w:t>          &lt;text&gt;🛋️ Declutter and depersonalize to create neutral space&lt;/text&gt;</w:t></w:r></w:p><w:p><w:pPr></w:pPr><w:r><w:rPr><w:rFonts w:ascii="Helvetica" w:h-ansi="Helvetica" w:cs="Helvetica"/><wx:font wx:val="Helvetica"/><w:sz w:val="24"/><w:sz-cs w:val="24"/></w:rPr><w:t>          &lt;image&gt;https://cdn.seloger.com/stories/img/slide1-staging.jpg&lt;/image&gt;</w:t></w:r></w:p><w:p><w:pPr></w:pPr><w:r><w:rPr><w:rFonts w:ascii="Helvetica" w:h-ansi="Helvetica" w:cs="Helvetica"/><wx:font wx:val="Helvetica"/><w:sz w:val="24"/><w:sz-cs w:val="24"/></w:rPr><w:t>        &lt;/slide&gt;</w:t></w:r></w:p><w:p><w:pPr></w:pPr><w:r><w:rPr><w:rFonts w:ascii="Helvetica" w:h-ansi="Helvetica" w:cs="Helvetica"/><wx:font wx:val="Helvetica"/><w:sz w:val="24"/><w:sz-cs w:val="24"/></w:rPr><w:t>        &lt;slide&gt;</w:t></w:r></w:p><w:p><w:pPr></w:pPr><w:r><w:rPr><w:rFonts w:ascii="Helvetica" w:h-ansi="Helvetica" w:cs="Helvetica"/><wx:font wx:val="Helvetica"/><w:sz w:val="24"/><w:sz-cs w:val="24"/></w:rPr><w:t>          &lt;text&gt;🌿 Add plants and light — they boost warmth and appeal&lt;/text&gt;</w:t></w:r></w:p><w:p><w:pPr></w:pPr><w:r><w:rPr><w:rFonts w:ascii="Helvetica" w:h-ansi="Helvetica" w:cs="Helvetica"/><wx:font wx:val="Helvetica"/><w:sz w:val="24"/><w:sz-cs w:val="24"/></w:rPr><w:t>          &lt;image&gt;https://cdn.seloger.com/stories/img/slide2-staging.jpg&lt;/image&gt;</w:t></w:r></w:p><w:p><w:pPr></w:pPr><w:r><w:rPr><w:rFonts w:ascii="Helvetica" w:h-ansi="Helvetica" w:cs="Helvetica"/><wx:font wx:val="Helvetica"/><w:sz w:val="24"/><w:sz-cs w:val="24"/></w:rPr><w:t>        &lt;/slide&gt;</w:t></w:r></w:p><w:p><w:pPr></w:pPr><w:r><w:rPr><w:rFonts w:ascii="Helvetica" w:h-ansi="Helvetica" w:cs="Helvetica"/><wx:font wx:val="Helvetica"/><w:sz w:val="24"/><w:sz-cs w:val="24"/></w:rPr><w:t>        &lt;slide&gt;</w:t></w:r></w:p><w:p><w:pPr></w:pPr><w:r><w:rPr><w:rFonts w:ascii="Helvetica" w:h-ansi="Helvetica" w:cs="Helvetica"/><wx:font wx:val="Helvetica"/><w:sz w:val="24"/><w:sz-cs w:val="24"/></w:rPr><w:t>          &lt;text&gt;🧽 Clean windows and mirrors = instant brightness&lt;/text&gt;</w:t></w:r></w:p><w:p><w:pPr></w:pPr><w:r><w:rPr><w:rFonts w:ascii="Helvetica" w:h-ansi="Helvetica" w:cs="Helvetica"/><wx:font wx:val="Helvetica"/><w:sz w:val="24"/><w:sz-cs w:val="24"/></w:rPr><w:t>          &lt;image&gt;https://cdn.seloger.com/stories/img/slide3-staging.jpg&lt;/image&gt;</w:t></w:r></w:p><w:p><w:pPr></w:pPr><w:r><w:rPr><w:rFonts w:ascii="Helvetica" w:h-ansi="Helvetica" w:cs="Helvetica"/><wx:font wx:val="Helvetica"/><w:sz w:val="24"/><w:sz-cs w:val="24"/></w:rPr><w:t>        &lt;/slide&gt;</w:t></w:r></w:p><w:p><w:pPr></w:pPr><w:r><w:rPr><w:rFonts w:ascii="Helvetica" w:h-ansi="Helvetica" w:cs="Helvetica"/><wx:font wx:val="Helvetica"/><w:sz w:val="24"/><w:sz-cs w:val="24"/></w:rPr><w:t>        &lt;slide&gt;</w:t></w:r></w:p><w:p><w:pPr></w:pPr><w:r><w:rPr><w:rFonts w:ascii="Helvetica" w:h-ansi="Helvetica" w:cs="Helvetica"/><wx:font wx:val="Helvetica"/><w:sz w:val="24"/><w:sz-cs w:val="24"/></w:rPr><w:t>          &lt;text&gt;📲 See what your home could sell for →&lt;/text&gt;</w:t></w:r></w:p><w:p><w:pPr></w:pPr><w:r><w:rPr><w:rFonts w:ascii="Helvetica" w:h-ansi="Helvetica" w:cs="Helvetica"/><wx:font wx:val="Helvetica"/><w:sz w:val="24"/><w:sz-cs w:val="24"/></w:rPr><w:t>          &lt;cta&gt;https://www.seloger.com/estimer-mon-bien&lt;/cta&gt;</w:t></w:r></w:p><w:p><w:pPr></w:pPr><w:r><w:rPr><w:rFonts w:ascii="Helvetica" w:h-ansi="Helvetica" w:cs="Helvetica"/><wx:font wx:val="Helvetica"/><w:sz w:val="24"/><w:sz-cs w:val="24"/></w:rPr><w:t>        &lt;/slide&gt;</w:t></w:r></w:p><w:p><w:pPr></w:pPr><w:r><w:rPr><w:rFonts w:ascii="Helvetica" w:h-ansi="Helvetica" w:cs="Helvetica"/><wx:font wx:val="Helvetica"/><w:sz w:val="24"/><w:sz-cs w:val="24"/></w:rPr><w:t>      &lt;/seloger:story&gt;</w:t></w:r></w:p><w:p><w:pPr></w:pPr><w:r><w:rPr><w:rFonts w:ascii="Helvetica" w:h-ansi="Helvetica" w:cs="Helvetica"/><wx:font wx:val="Helvetica"/><w:sz w:val="24"/><w:sz-cs w:val="24"/></w:rPr><w:t>    &lt;/item&gt;</w:t></w:r></w:p><w:p><w:pPr></w:pPr><w:r><w:rPr><w:rFonts w:ascii="Helvetica" w:h-ansi="Helvetica" w:cs="Helvetica"/><wx:font wx:val="Helvetica"/><w:sz w:val="24"/><w:sz-cs w:val="24"/></w:rPr><w:t></w:t></w:r></w:p><w:p><w:pPr></w:pPr><w:r><w:rPr><w:rFonts w:ascii="Helvetica" w:h-ansi="Helvetica" w:cs="Helvetica"/><wx:font wx:val="Helvetica"/><w:sz w:val="24"/><w:sz-cs w:val="24"/></w:rPr><w:t>  &lt;/channel&gt;</w:t></w:r></w:p><w:p><w:pPr></w:pPr><w:r><w:rPr><w:rFonts w:ascii="Helvetica" w:h-ansi="Helvetica" w:cs="Helvetica"/><wx:font wx:val="Helvetica"/><w:sz w:val="24"/><w:sz-cs w:val="24"/></w:rPr><w:t>&lt;/rss&gt;</w:t></w:r></w:p><w:sectPr><w:pgSz w:w="11900" w:h="16840"/><w:pgMar w:top="1440" w:right="1440" w:bottom="1440" w:left="1440"/></w:sectPr></wx:sect></w:body></w:wordDocument>