<?xml version="1.0" encoding="UTF-8" ?>
<rss version="2.0" xmlns:atom="http://www.w3.org/2005/Atom">
  <channel>
    <title>Real Estate Stories TEST</title>
    <link>https://www.seloger.com/stories</link>
    <atom:link href="https://yourdomain.com/feed.xml" rel="self" type="application/rss+xml" />
    <description>Short property insights and real estate tips</description>
    <language>fr-FR</language>

    <item>
      <title>📉 Prices drop in Paris 18th</title>
      <link>https://www.seloger.com/stories/paris18</link>
      <guid isPermaLink="true">https://www.seloger.com/stories/paris18</guid>
      <description>Prices fell by 2.4% this month. Discover why it may be the right time to buy.</description>
      <pubDate>Tue, 28 May 2024 18:00:00 +0200</pubDate>
      <enclosure url="https://cdn.seloger.com/stories/img/paris18.jpg" type="image/jpeg" length="123456" />
    </item>

    <item>
      <title>🛋️ 3 Home Staging Tricks to Sell Faster</title>
      <link>https://www.seloger.com/stories/home-staging</link>
      <guid isPermaLink="true">https://www.seloger.com/stories/home-staging</guid>
      <description>Declutter, add light, and highlight space — here’s how to make your home shine.</description>
      <pubDate>Tue, 28 May 2024 18:00:00 +0200</pubDate>
      <enclosure url="https://cdn.seloger.com/stories/img/staging.jpg" type="image/jpeg" length="123456" />
    </item>

    <item>
      <title>📍 Focus: Bordeaux Market Update</title>
      <link>https://www.seloger.com/stories/bordeaux</link>
      <guid isPermaLink="true">https://www.seloger.com/stories/bordeaux</guid>
      <description>New listings in Bordeaux are up 11% and average sale time is down by 10 days.</description>
      <pubDate>Tue, 28 May 2024 18:00:00 +0200</pubDate>
      <enclosure url="https://cdn.seloger.com/stories/img/bordeaux.jpg" type="image/jpeg" length="123456" />
    </item>

  </channel>
</rss>
