<?xml version="1.0" encoding="UTF-8"?>
<rss version="2.0">
  <channel>
    <title>Real Estate Stories</title>
    <link>https://www.seloger.com/stories</link>
    <description>Daily real estate insights and tips in story format</description>

    <item>
      <title>🏡 Prices drop in Paris 18th</title>
      <link>https://www.seloger.com/stories/paris18</link>
      <description>Prices in Paris 18th dropped by 2.4% this month. Tap to explore the trend and what it means for buyers.</description>
      <pubDate>Mon, 01 Jun 2024 18:00:00 +0200</pubDate>
      <enclosure url="https://cdn.seloger.com/stories/img/paris18.jpg" type="image/jpeg" />
    </item>

    <item>
      <title>🛋️ 3 Home Staging Tricks</title>
      <link>https://www.seloger.com/stories/home-staging</link>
      <description>Use these 3 quick tricks to make your property shine and sell faster. Tap to discover.</description>
      <pubDate>Mon, 01 Jun 2024 18:00:00 +0200</pubDate>
      <enclosure url="https://cdn.seloger.com/stories/img/staging.jpg" type="image/jpeg" />
    </item>

  </channel>
</rss>
